<?xml version="1.0" encoding="UTF-8"?>
<!-- Generated by org.testng.reporters.JUnitReportReporter -->
<testsuite skipped="0" hostname="DESKTOP-L3SOFKE" name="com.training.sanity.tests.TestCase4PrdDelTests" tests="1" failures="0" timestamp="2020-01-30T15:38:26 IST" time="3.015" errors="0">
  <testcase name="validLoginTest" time="3.015" classname="com.training.sanity.tests.TestCase4PrdDelTests"/>
</testsuite> <!-- com.training.sanity.tests.TestCase4PrdDelTests -->
