<?xml version="1.0" encoding="UTF-8"?>
<!-- Generated by org.testng.reporters.JUnitReportReporter -->
<testsuite skipped="0" hostname="DESKTOP-L3SOFKE" name="com.training.sanity.tests.TestCase5SRTests" tests="2" failures="0" timestamp="2020-01-31T10:55:01 IST" time="6.431" errors="0">
  <testcase name="validLoginTest" time="2.881" classname="com.training.sanity.tests.TestCase5SRTests"/>
  <testcase name="statusReport" time="3.550" classname="com.training.sanity.tests.TestCase5SRTests"/>
</testsuite> <!-- com.training.sanity.tests.TestCase5SRTests -->
