<?xml version="1.0" encoding="UTF-8"?>
<!-- Generated by org.testng.reporters.JUnitReportReporter -->
<testsuite skipped="0" hostname="DESKTOP-L3SOFKE" name="com.training.sanity.tests.TestCase3productTests" tests="1" failures="0" timestamp="2020-01-31T12:56:03 IST" time="3.550" errors="0">
  <testcase name="validLoginTest" time="3.550" classname="com.training.sanity.tests.TestCase3productTests"/>
</testsuite> <!-- com.training.sanity.tests.TestCase3productTests -->
