<?xml version="1.0" encoding="UTF-8"?>
<!-- Generated by org.testng.reporters.JUnitReportReporter -->
<testsuite skipped="0" hostname="DESKTOP-L3SOFKE" name="com.training.sanity.tests.LoginTests" tests="1" failures="0" timestamp="2020-01-31T12:50:13 IST" time="3.625" errors="0">
  <testcase name="validLoginTest" time="3.625" classname="com.training.sanity.tests.LoginTests"/>
</testsuite> <!-- com.training.sanity.tests.LoginTests -->
